----------------------------------------------------------------------------------------------------
Execution started at Fri Feb 28 02:41:41 JST 2025
-------------------------docker command start-------------------------
■Running docker compose config...
name: local-project
services:
  task_go:
    build:
      context: /mnt/c/workspace/go_1_test_repository
      dockerfile: docker/services/go/Dockerfile.local
    environment:
      DB_HOST: task_postgres
      DB_NAME: todo_db
      DB_PASSWORD: password
      DB_PORT: "5432"
      DB_USER: admin
    networks:
      my-network: null
    ports:
    - mode: ingress
      target: 8080
      published: "8080"
      protocol: tcp
    - mode: ingress
      target: 2345
      published: "2345"
      protocol: tcp
networks:
  my-network:
    name: local-project_my-network
■Running docker compose build...
#0 building with "default" instance using docker driver

#1 [task_go internal] load .dockerignore
#1 transferring context: 2B done
#1 DONE 0.0s

#2 [task_go internal] load build definition from Dockerfile.local
#2 transferring dockerfile: 570B 0.0s done
#2 DONE 0.1s

#3 [task_go internal] load metadata for docker.io/library/golang:1.20-alpine
#3 DONE 2.5s

#4 [task_go internal] load metadata for docker.io/library/alpine:latest
#4 DONE 2.4s

#5 [task_go builder 1/6] FROM docker.io/library/golang:1.20-alpine@sha256:e47f121850f4e276b2b210c56df3fda9191278dd84a3a442bfe0b09934462a8f
#5 DONE 0.0s

#6 [task_go stage-1 1/3] FROM docker.io/library/alpine:latest@sha256:a8560b36e8b8210634f77d9f7f9efd7ffa463e380b75e2e74aff4511df3ef88c
#6 DONE 0.0s

#7 [task_go builder 2/6] WORKDIR /app
#7 CACHED

#8 [task_go stage-1 2/3] WORKDIR /app
#8 CACHED

#9 [task_go internal] load build context
#9 transferring context: 54B done
#9 DONE 0.1s

#10 [task_go builder 3/6] COPY go.mod .
#10 DONE 2.3s

#11 [task_go builder 4/6] COPY main.go .
#11 DONE 0.5s

#12 [task_go builder 5/6] RUN go mod tidy
#12 DONE 1.1s

#13 [task_go builder 6/6] RUN go build -o server
#13 DONE 6.3s

#14 [task_go stage-1 3/3] COPY --from=builder /app/server .
#14 DONE 0.1s

#15 [task_go] exporting to image
#15 exporting layers 0.1s done
#15 writing image sha256:7a2eaa71fc08db71de1e4ae0858e359beb066db8fdb9f9dcd0f159673d5eb233 done
#15 naming to docker.io/library/local-project-task_go done
#15 DONE 0.1s
■Running docker compose up...
 Network local-project_my-network  Creating
 Network local-project_my-network  Created
 Container local-project-task_go-1  Creating
 Container local-project-task_go-1  Created
 Container local-project-task_go-1  Starting
 Container local-project-task_go-1  Started
-------------------------docker command end-------------------------
Execution finished at Fri Feb 28 02:41:56 JST 2025
----------------------------------------------------------------------------------------------------
